[18:54:40] [ServerMain/INFO]: [bootstrap] Running Java 22 (OpenJDK 64-Bit Server VM 22+36-2370; Oracle Corporation null) on Windows 10 10.0 (amd64)
[18:54:40] [ServerMain/INFO]: [bootstrap] Loading Paper 1.21-109-master@5a5035b (2024-07-23T08:16:30Z) for Minecraft 1.21
[18:54:41] [ServerMain/INFO]: [PluginInitializerManager] Initializing plugins...
[18:54:42] [ServerMain/INFO]: [PluginInitializerManager] Initialized 1 plugin
[18:54:42] [ServerMain/INFO]: [PluginInitializerManager] Paper plugins (1):
 - QuantumsAdmin (1.0-SNAPSHOT)
[18:54:48] [ServerMain/INFO]: Environment: Environment[sessionHost=https://sessionserver.mojang.com, servicesHost=https://api.minecraftservices.com, name=PROD]
[18:54:53] [ServerMain/INFO]: Loaded 1290 recipes
[18:54:53] [ServerMain/INFO]: Loaded 1399 advancements
[18:54:54] [Server thread/INFO]: Starting minecraft server version 1.21
[18:54:54] [Server thread/INFO]: Loading properties
[18:54:54] [Server thread/INFO]: This server is running Paper version 1.21-109-master@5a5035b (2024-07-23T08:16:30Z) (Implementing API version 1.21-R0.1-SNAPSHOT)
[18:54:56] [Server thread/INFO]: [spark] This server bundles the spark profiler. For more information please visit https://docs.papermc.io/paper/profiling
[18:54:56] [Server thread/INFO]: Server Ping Player Sample Count: 12
[18:54:56] [Server thread/INFO]: Using 4 threads for Netty based IO
[18:54:56] [Server thread/INFO]: [ChunkTaskScheduler] Chunk system is using 1 I/O threads, 3 worker threads, and population gen parallelism of 3 threads
[18:54:57] [Server thread/INFO]: Default game type: SURVIVAL
[18:54:57] [Server thread/INFO]: Generating keypair
[18:54:57] [Server thread/INFO]: Starting Minecraft server on *:25565
[18:54:57] [Server thread/INFO]: Using default channel type
[18:54:57] [Server thread/INFO]: Paper: Using Java compression from Velocity.
[18:54:57] [Server thread/INFO]: Paper: Using Java cipher from Velocity.
[18:54:57] [Server thread/INFO]: [QuantumsAdmin] Loading server plugin QuantumsAdmin v1.0-SNAPSHOT
[18:54:57] [Server thread/INFO]: Server permissions file permissions.yml is empty, ignoring it
[18:54:57] [Server thread/INFO]: Preparing level "world"
[18:54:57] [Server thread/INFO]: Preparing start region for dimension minecraft:overworld
[18:54:58] [Server thread/INFO]: Time elapsed: 809 ms
[18:54:58] [Server thread/INFO]: Preparing start region for dimension minecraft:the_nether
[18:54:58] [Server thread/INFO]: Time elapsed: 99 ms
[18:54:58] [Server thread/INFO]: Preparing start region for dimension minecraft:the_end
[18:54:58] [Server thread/INFO]: Time elapsed: 64 ms
[18:54:58] [Server thread/INFO]: [QuantumsAdmin] Enabling QuantumsAdmin v1.0-SNAPSHOT
[18:54:58] [Server thread/INFO]: [spark] Starting background profiler...
[18:54:58] [Server thread/INFO]: [spark] The async-profiler engine is not supported for your os/arch (windows10/amd64), so the built-in Java engine will be used instead.
[18:54:59] [Server thread/INFO]: Done preparing level "world" (1.625s)
[18:54:59] [Server thread/INFO]: Running delayed init tasks
[18:54:59] [Server thread/INFO]: Done (19.201s)! For help, type "help"
[18:54:59] [Server thread/INFO]: Timings Reset
[18:55:00] [User Authenticator #0/INFO]: UUID of player QuantumDeity is 3dcfb3de-80a2-4596-9d82-5bcb5b405676
[18:55:01] [Server thread/INFO]: QuantumDeity joined the game
[18:55:01] [Server thread/INFO]: QuantumDeity[/192.168.1.24:52698] logged in with entity id 16 at ([world]-479.5120903358922, 108.40760114593647, -9.648192681961593)
[18:55:05] [Server thread/INFO]: QuantumDeity issued server command: /qatest
[18:57:31] [Server thread/INFO]: Stopping server
[18:57:31] [Server thread/INFO]: [QuantumsAdmin] Disabling QuantumsAdmin v1.0-SNAPSHOT
[18:57:31] [Server thread/INFO]: Saving players
[18:57:31] [Server thread/INFO]: QuantumDeity lost connection: Server closed
[18:57:31] [Server thread/INFO]: QuantumDeity left the game
[18:57:31] [Server thread/INFO]: Saving worlds
[18:57:31] [Server thread/INFO]: Saving chunks for level 'ServerLevel[world]'/minecraft:overworld
[18:57:31] [Server thread/INFO]: [ChunkHolderManager] Waiting 60s for chunk system to halt for world 'world'
[18:57:31] [Server thread/INFO]: [ChunkHolderManager] Halted chunk system for world 'world'
[18:57:31] [Server thread/INFO]: [ChunkHolderManager] Saving all chunkholders for world 'world'
[18:57:35] [Server thread/INFO]: [ChunkHolderManager] Saved 1699 block chunks, 1067 entity chunks, 3 poi chunks in world 'world' in 3.73s
[18:57:35] [Server thread/INFO]: Saving chunks for level 'ServerLevel[world_nether]'/minecraft:the_nether
[18:57:35] [Server thread/INFO]: [ChunkHolderManager] Waiting 60s for chunk system to halt for world 'world_nether'
[18:57:35] [Server thread/INFO]: [ChunkHolderManager] Halted chunk system for world 'world_nether'
[18:57:35] [Server thread/INFO]: [ChunkHolderManager] Saving all chunkholders for world 'world_nether'
[18:57:35] [Server thread/INFO]: [ChunkHolderManager] Saved 49 block chunks, 49 entity chunks, 0 poi chunks in world 'world_nether' in 0.09s
[18:57:35] [Server thread/INFO]: Saving chunks for level 'ServerLevel[world_the_end]'/minecraft:the_end
[18:57:35] [Server thread/INFO]: [ChunkHolderManager] Waiting 60s for chunk system to halt for world 'world_the_end'
[18:57:35] [Server thread/INFO]: [ChunkHolderManager] Halted chunk system for world 'world_the_end'
[18:57:35] [Server thread/INFO]: [ChunkHolderManager] Saving all chunkholders for world 'world_the_end'
[18:57:35] [Server thread/INFO]: [ChunkHolderManager] Saved 49 block chunks, 49 entity chunks, 0 poi chunks in world 'world_the_end' in 0.06s
[18:57:36] [Server thread/INFO]: ThreadedAnvilChunkStorage (world): All chunks are saved
[18:57:36] [Server thread/INFO]: ThreadedAnvilChunkStorage (DIM-1): All chunks are saved
[18:57:36] [Server thread/INFO]: ThreadedAnvilChunkStorage (DIM1): All chunks are saved
[18:57:36] [Server thread/INFO]: ThreadedAnvilChunkStorage: All dimensions are saved
